<?xml version="1.0" encoding="UTF-8" ?>
<testsuite tests="2" failures="0" name="org.deloitte.runner.TestRunner" time="3.776" errors="1" skipped="0">
  <properties>
[...]
</properties>
  <testcase classname="Flight Booking and Payment Functionality" name="Flight booking confirmation with available flights" time="2.48"/>
  <testcase classname="Search Functionality" name="Search for Deloitte in Google" time="1.296">
    <error message="no such element: Unable to locate element: {&quot;method&quot;:&quot;xpath&quot;,&quot;selector&quot;:&quot;//textarea[@aria-label=&apos;Search&apos;]&quot;}
  (Session info: chrome=126.0.6478.114)
For documentation on this error, please visit: https://www.selenium.dev/documentation/webdriver/troubleshooting/errors#no-such-element-exception
Build info: version: &apos;4.20.0&apos;, revision: &apos;866c76ca80&apos;
System info: os.name: &apos;Linux&apos;, os.arch: &apos;amd64&apos;, os.version: &apos;6.5.0-41-generic&apos;, java.version: &apos;17.0.2&apos;
Driver info: org.openqa.selenium.chrome.ChromeDriver
Command: [f89f100ea4e813609f66390fd6cd3b01, findElement {using=xpath, value=//textarea[@aria-label=&apos;Search&apos;]}]
Capabilities {acceptInsecureCerts: false, browserName: chrome, browserVersion: 126.0.6478.114, chrome: {chromedriverVersion: 126.0.6478.63 (df799988fdc9..., userDataDir: /tmp/.org.chromium.Chromium...}, fedcm:accounts: true, goog:chromeOptions: {debuggerAddress: localhost:33427}, networkConnectionEnabled: false, pageLoadStrategy: normal, platformName: linux, proxy: Proxy(), se:cdp: ws://localhost:33427/devtoo..., se:cdpVersion: 126.0.6478.114, setWindowRect: true, strictFileInteractability: false, timeouts: {implicit: 0, pageLoad: 300000, script: 30000}, unhandledPromptBehavior: dismiss and notify, webauthn:extension:credBlob: true, webauthn:extension:largeBlob: true, webauthn:extension:minPinLength: true, webauthn:extension:prf: true, webauthn:virtualAuthenticators: true}
Session ID: f89f100ea4e813609f66390fd6cd3b01" type="org.openqa.selenium.NoSuchElementException">org.openqa.selenium.NoSuchElementException: no such element: Unable to locate element: {&quot;method&quot;:&quot;xpath&quot;,&quot;selector&quot;:&quot;//textarea[@aria-label=&apos;Search&apos;]&quot;}
  (Session info: chrome=126.0.6478.114)
For documentation on this error, please visit: https://www.selenium.dev/documentation/webdriver/troubleshooting/errors#no-such-element-exception
Build info: version: &apos;4.20.0&apos;, revision: &apos;866c76ca80&apos;
System info: os.name: &apos;Linux&apos;, os.arch: &apos;amd64&apos;, os.version: &apos;6.5.0-41-generic&apos;, java.version: &apos;17.0.2&apos;
Driver info: org.openqa.selenium.chrome.ChromeDriver
Command: [f89f100ea4e813609f66390fd6cd3b01, findElement {using=xpath, value=//textarea[@aria-label=&apos;Search&apos;]}]
Capabilities {acceptInsecureCerts: false, browserName: chrome, browserVersion: 126.0.6478.114, chrome: {chromedriverVersion: 126.0.6478.63 (df799988fdc9..., userDataDir: /tmp/.org.chromium.Chromium...}, fedcm:accounts: true, goog:chromeOptions: {debuggerAddress: localhost:33427}, networkConnectionEnabled: false, pageLoadStrategy: normal, platformName: linux, proxy: Proxy(), se:cdp: ws://localhost:33427/devtoo..., se:cdpVersion: 126.0.6478.114, setWindowRect: true, strictFileInteractability: false, timeouts: {implicit: 0, pageLoad: 300000, script: 30000}, unhandledPromptBehavior: dismiss and notify, webauthn:extension:credBlob: true, webauthn:extension:largeBlob: true, webauthn:extension:minPinLength: true, webauthn:extension:prf: true, webauthn:virtualAuthenticators: true}
Session ID: f89f100ea4e813609f66390fd6cd3b01
	at java.base/jdk.internal.reflect.NativeConstructorAccessorImpl.newInstance0(Native Method)
	at java.base/jdk.internal.reflect.NativeConstructorAccessorImpl.newInstance(NativeConstructorAccessorImpl.java:77)
	at java.base/jdk.internal.reflect.DelegatingConstructorAccessorImpl.newInstance(DelegatingConstructorAccessorImpl.java:45)
	at java.base/java.lang.reflect.Constructor.newInstanceWithCaller(Constructor.java:499)
	at java.base/java.lang.reflect.Constructor.newInstance(Constructor.java:480)
	at org.openqa.selenium.remote.ErrorCodec.decode(ErrorCodec.java:167)
	at org.openqa.selenium.remote.codec.w3c.W3CHttpResponseCodec.decode(W3CHttpResponseCodec.java:138)
	at org.openqa.selenium.remote.codec.w3c.W3CHttpResponseCodec.decode(W3CHttpResponseCodec.java:50)
	at org.openqa.selenium.remote.HttpCommandExecutor.execute(HttpCommandExecutor.java:190)
	at org.openqa.selenium.remote.service.DriverCommandExecutor.invokeExecute(DriverCommandExecutor.java:216)
	at org.openqa.selenium.remote.service.DriverCommandExecutor.execute(DriverCommandExecutor.java:174)
	at org.openqa.selenium.remote.RemoteWebDriver.execute(RemoteWebDriver.java:518)
	at org.openqa.selenium.remote.ElementLocation$ElementFinder$2.findElement(ElementLocation.java:165)
	at org.openqa.selenium.remote.ElementLocation.findElement(ElementLocation.java:59)
	at org.openqa.selenium.remote.RemoteWebDriver.findElement(RemoteWebDriver.java:355)
	at org.openqa.selenium.remote.RemoteWebDriver.findElement(RemoteWebDriver.java:349)
	at org.deloitte.utils.DeloitteDriver.findElement(DeloitteDriver.java:62)
	at org.deloitte.utils.DeloitteDriver.enterText(DeloitteDriver.java:84)
	at org.deloitte.pages.GoogleSearchPage.googleSearch(GoogleSearchPage.java:25)
	at org.deloitte.stepdefs.GoogleSearchSteps.enterSearchKeyword(GoogleSearchSteps.java:33)
	at ✽.I enter &quot;SearchKey&quot; in search field(file:///home/jagadeesh/personalws/java/automation_testing/src/test/resources/SearchTest.feature:4)
</error>
    <system-out>
Scenario: Search for Deloitte in Google                        # src/test/resources/SearchTest.feature:2
2024-06-23 10:18:17 INFO  Hook:17 - Launching the browser
2024-06-23 10:18:18 INFO  GoogleSearchSteps:25 - I navigate to google home page
2024-06-23 10:18:18 INFO  DeloitteDriver:44 - Navigate to Home Page
2024-06-23 10:18:18 INFO  DeloitteDriver:56 - Maximize window
  Given I navigate to google home page                         # org.deloitte.stepdefs.GoogleSearchSteps.navigateToHomePage()
2024-06-23 10:18:18 INFO  GoogleSearchSteps:31 - I enter SearchKey in search field
2024-06-23 10:18:18 INFO  GoogleSearchPage:24 - googleSearch(Deloitte India)
2024-06-23 10:18:18 INFO  DeloitteDriver:83 - Enter text: Deloitte India
2024-06-23 10:18:18 INFO  DeloitteDriver:61 - Find element By.xpath: //textarea[@aria-label=&apos;Search&apos;]
  When I enter &quot;SearchKey&quot; in search field                     # org.deloitte.stepdefs.GoogleSearchSteps.enterSearchKeyword(java.lang.String)
      org.openqa.selenium.NoSuchElementException: no such element: Unable to locate element: {&quot;method&quot;:&quot;xpath&quot;,&quot;selector&quot;:&quot;//textarea[@aria-label=&apos;Search&apos;]&quot;}
  (Session info: chrome=126.0.6478.114)
For documentation on this error, please visit: https://www.selenium.dev/documentation/webdriver/troubleshooting/errors#no-such-element-exception
Build info: version: &apos;4.20.0&apos;, revision: &apos;866c76ca80&apos;
System info: os.name: &apos;Linux&apos;, os.arch: &apos;amd64&apos;, os.version: &apos;6.5.0-41-generic&apos;, java.version: &apos;17.0.2&apos;
Driver info: org.openqa.selenium.chrome.ChromeDriver
Command: [f89f100ea4e813609f66390fd6cd3b01, findElement {using=xpath, value=//textarea[@aria-label=&apos;Search&apos;]}]
Capabilities {acceptInsecureCerts: false, browserName: chrome, browserVersion: 126.0.6478.114, chrome: {chromedriverVersion: 126.0.6478.63 (df799988fdc9..., userDataDir: /tmp/.org.chromium.Chromium...}, fedcm:accounts: true, goog:chromeOptions: {debuggerAddress: localhost:33427}, networkConnectionEnabled: false, pageLoadStrategy: normal, platformName: linux, proxy: Proxy(), se:cdp: ws://localhost:33427/devtoo..., se:cdpVersion: 126.0.6478.114, setWindowRect: true, strictFileInteractability: false, timeouts: {implicit: 0, pageLoad: 300000, script: 30000}, unhandledPromptBehavior: dismiss and notify, webauthn:extension:credBlob: true, webauthn:extension:largeBlob: true, webauthn:extension:minPinLength: true, webauthn:extension:prf: true, webauthn:virtualAuthenticators: true}
Session ID: f89f100ea4e813609f66390fd6cd3b01
	at java.base/jdk.internal.reflect.NativeConstructorAccessorImpl.newInstance0(Native Method)
	at java.base/jdk.internal.reflect.NativeConstructorAccessorImpl.newInstance(NativeConstructorAccessorImpl.java:77)
	at java.base/jdk.internal.reflect.DelegatingConstructorAccessorImpl.newInstance(DelegatingConstructorAccessorImpl.java:45)
	at java.base/java.lang.reflect.Constructor.newInstanceWithCaller(Constructor.java:499)
	at java.base/java.lang.reflect.Constructor.newInstance(Constructor.java:480)
	at org.openqa.selenium.remote.ErrorCodec.decode(ErrorCodec.java:167)
	at org.openqa.selenium.remote.codec.w3c.W3CHttpResponseCodec.decode(W3CHttpResponseCodec.java:138)
	at org.openqa.selenium.remote.codec.w3c.W3CHttpResponseCodec.decode(W3CHttpResponseCodec.java:50)
	at org.openqa.selenium.remote.HttpCommandExecutor.execute(HttpCommandExecutor.java:190)
	at org.openqa.selenium.remote.service.DriverCommandExecutor.invokeExecute(DriverCommandExecutor.java:216)
	at org.openqa.selenium.remote.service.DriverCommandExecutor.execute(DriverCommandExecutor.java:174)
	at org.openqa.selenium.remote.RemoteWebDriver.execute(RemoteWebDriver.java:518)
	at org.openqa.selenium.remote.ElementLocation$ElementFinder$2.findElement(ElementLocation.java:165)
	at org.openqa.selenium.remote.ElementLocation.findElement(ElementLocation.java:59)
	at org.openqa.selenium.remote.RemoteWebDriver.findElement(RemoteWebDriver.java:355)
	at org.openqa.selenium.remote.RemoteWebDriver.findElement(RemoteWebDriver.java:349)
	at org.deloitte.utils.DeloitteDriver.findElement(DeloitteDriver.java:62)
	at org.deloitte.utils.DeloitteDriver.enterText(DeloitteDriver.java:84)
	at org.deloitte.pages.GoogleSearchPage.googleSearch(GoogleSearchPage.java:25)
	at org.deloitte.stepdefs.GoogleSearchSteps.enterSearchKeyword(GoogleSearchSteps.java:33)
	at ✽.I enter &quot;SearchKey&quot; in search field(file:///home/jagadeesh/personalws/java/automation_testing/src/test/resources/SearchTest.feature:4)

  Then I verify first link in the results contains &quot;SearchKey&quot; # org.deloitte.stepdefs.GoogleSearchSteps.verifyFirstLink(java.lang.String)
2024-06-23 10:18:18 INFO  Hook:24 - Quit the browser.
FAILED
io.cucumber.java.Scenario@4d464510
2024-06-23 10:18:18 INFO  DeloitteDriver:50 - Quit the browser
</system-out>
    <system-err>Jun 23, 2024 10:18:18 AM org.openqa.selenium.devtools.CdpVersionFinder findNearestMatch
WARNING: Unable to find an exact match for CDP version 126, returning the closest version; found: 124; Please update to a Selenium version that supports CDP version 126
</system-err>
  </testcase>
</testsuite>